Determining if the pthread_create exist failed with the following output:
Change Dir: /home/rachella/Documents/DCGD/build/Debug/CMakeFiles/CMakeTmp

Run Build Command:"/usr/bin/make" "cmTC_b1785/fast"
/usr/bin/make -f CMakeFiles/cmTC_b1785.dir/build.make CMakeFiles/cmTC_b1785.dir/build
make[1]: Entering directory '/home/rachella/Documents/DCGD/build/Debug/CMakeFiles/CMakeTmp'
Building C object CMakeFiles/cmTC_b1785.dir/CheckSymbolExists.c.o
/usr/bin/cc    -o CMakeFiles/cmTC_b1785.dir/CheckSymbolExists.c.o   -c /home/rachella/Documents/DCGD/build/Debug/CMakeFiles/CMakeTmp/CheckSymbolExists.c
Linking C executable cmTC_b1785
/usr/bin/cmake -E cmake_link_script CMakeFiles/cmTC_b1785.dir/link.txt --verbose=1
/usr/bin/cc      -rdynamic CMakeFiles/cmTC_b1785.dir/CheckSymbolExists.c.o  -o cmTC_b1785 
CMakeFiles/cmTC_b1785.dir/CheckSymbolExists.c.o: In function `main':
CheckSymbolExists.c:(.text+0x1b): undefined reference to `pthread_create'
collect2: error: ld returned 1 exit status
CMakeFiles/cmTC_b1785.dir/build.make:97: recipe for target 'cmTC_b1785' failed
make[1]: *** [cmTC_b1785] Error 1
make[1]: Leaving directory '/home/rachella/Documents/DCGD/build/Debug/CMakeFiles/CMakeTmp'
Makefile:126: recipe for target 'cmTC_b1785/fast' failed
make: *** [cmTC_b1785/fast] Error 2

File /home/rachella/Documents/DCGD/build/Debug/CMakeFiles/CMakeTmp/CheckSymbolExists.c:
/* */
#include <pthread.h>

int main(int argc, char** argv)
{
  (void)argv;
#ifndef pthread_create
  return ((int*)(&pthread_create))[argc];
#else
  (void)argc;
  return 0;
#endif
}

Determining if the function pthread_create exists in the pthreads failed with the following output:
Change Dir: /home/rachella/Documents/DCGD/build/Debug/CMakeFiles/CMakeTmp

Run Build Command:"/usr/bin/make" "cmTC_e3887/fast"
/usr/bin/make -f CMakeFiles/cmTC_e3887.dir/build.make CMakeFiles/cmTC_e3887.dir/build
make[1]: Entering directory '/home/rachella/Documents/DCGD/build/Debug/CMakeFiles/CMakeTmp'
Building C object CMakeFiles/cmTC_e3887.dir/CheckFunctionExists.c.o
/usr/bin/cc   -DCHECK_FUNCTION_EXISTS=pthread_create   -o CMakeFiles/cmTC_e3887.dir/CheckFunctionExists.c.o   -c /usr/share/cmake-3.10/Modules/CheckFunctionExists.c
Linking C executable cmTC_e3887
/usr/bin/cmake -E cmake_link_script CMakeFiles/cmTC_e3887.dir/link.txt --verbose=1
/usr/bin/cc  -DCHECK_FUNCTION_EXISTS=pthread_create    -rdynamic CMakeFiles/cmTC_e3887.dir/CheckFunctionExists.c.o  -o cmTC_e3887 -lpthreads 
/usr/bin/ld: cannot find -lpthreads
collect2: error: ld returned 1 exit status
CMakeFiles/cmTC_e3887.dir/build.make:97: recipe for target 'cmTC_e3887' failed
make[1]: *** [cmTC_e3887] Error 1
make[1]: Leaving directory '/home/rachella/Documents/DCGD/build/Debug/CMakeFiles/CMakeTmp'
Makefile:126: recipe for target 'cmTC_e3887/fast' failed
make: *** [cmTC_e3887/fast] Error 2


